<?xml version="1.0" encoding="UTF-8"?>
<!-- Generated by org.testng.reporters.JUnitReportReporter -->
<testsuite skipped="0" hostname="MDB19LT239" name="com.qa.tests.PostApiTest" tests="1" failures="0" timestamp="2020-07-24T08:05:15 IST" time="2.146" errors="0">
  <testcase name="postApiTesst" time="2.146" classname="com.qa.tests.PostApiTest"/>
  <system-out/>
</testsuite> <!-- com.qa.tests.PostApiTest -->
