<?xml version="1.0" encoding="UTF-8"?>
<!-- Generated by org.testng.reporters.JUnitReportReporter -->
<testsuite skipped="0" hostname="MDB19LT239" name="com.qa.tests.GetApiTest" tests="2" failures="0" timestamp="2020-07-23T15:26:43 IST" time="1.838" errors="0">
  <testcase name="getTestwithoutHeaders" time="0.408" classname="com.qa.tests.GetApiTest"/>
  <system-out/>
  <testcase name="getTestwithHeaders" time="1.430" classname="com.qa.tests.GetApiTest"/>
  <system-out/>
</testsuite> <!-- com.qa.tests.GetApiTest -->
